2022-10-09 13:16:55.026662: command:gmlist, user:LycosAnthros
2022-10-09 13:17:03.038818: command:gmadd, user:LycosAnthros
2022-10-09 13:17:29.166488: command:gmlist, user:LycosAnthros
2022-10-09 13:28:55.832435: command:gmlist, user:LycosAnthros
2022-10-09 13:29:04.385814: command:gmfound, user:LycosAnthros
2022-10-09 13:30:42.146835: command:gmlist, user:LycosAnthros
2022-10-09 13:30:49.907058: command:gmfound, user:LycosAnthros
2022-10-09 13:30:54.611564: command:gmlist, user:LycosAnthros
2022-10-09 13:31:02.632572: command:gmdelete, user:LycosAnthros
2022-10-09 13:35:45.346948: command:gmfound, user:LycosAnthros
2022-10-09 13:44:55.070680: command:gmlist, user:LycosAnthros
2022-10-09 13:45:05.010107: command:gmdelete, user:LycosAnthros
2022-10-09 13:45:17.140418: command:gmfound, user:LycosAnthros
2022-10-09 13:45:24.190847: command:gmlist, user:LycosAnthros
2022-10-09 13:47:10.858083: command:gmadd, user:LycosAnthros
2022-10-09 13:47:23.344735: command:gmdelete, user:LycosAnthros
2022-10-09 13:47:38.252546: command:gmadd, user:LycosAnthros
2022-10-09 13:47:52.196335: command:gmfound, user:LycosAnthros
2022-10-09 13:48:03.622822: command:gmfound, user:LycosAnthros
2022-10-09 14:32:47.727920: command:gmfound, user:LycosAnthros
2022-10-09 14:36:15.725800: command:gmfound, user:LycosAnthros
2022-10-09 14:46:50.663892: command:gmedit, user:LycosAnthros
2022-10-09 17:40:15.375710: command:gmclear, user:LycosAnthros
2022-10-09 17:43:15.849159: command:gmfound, user:LycosAnthros
2022-10-09 18:51:09.341865: command:gmlist, user:LycosAnthros
2022-10-09 18:56:42.287499: command:gmadd, user:LycosAnthros
2022-10-09 18:57:05.495284: command:gmfound, user:LycosAnthros
